<?xml version="1.0" encoding="UTF-8"?>
<testsuite name="ListSorterTest" tests="1" skipped="0" failures="0" errors="0" timestamp="2022-12-07T16:57:06" hostname="RAPHAEL" time="0.015">
  <properties/>
  <testcase name="sort()" classname="ListSorterTest" time="0.015"/>
  <system-out><![CDATA[]]></system-out>
  <system-err><![CDATA[]]></system-err>
</testsuite>
